<?xml version="1.0" encoding="UTF-8"?>
<!-- Generated by org.testng.reporters.JUnitXMLReporter -->
<testsuite ignored="0" hostname="LAPTOP-VOS5FRST" failures="0" tests="4" name="Default test" time="2.069" errors="0" timestamp="2021-04-09T16:15:58 IST">
  <testcase classname="com.qa.test.getAPITest" name="gettestwithoutHeaders" time="1.387"/>
  <testcase classname="com.qa.test.getAPITest" name="responsedata" time="0.012"/>
  <testcase classname="com.qa.test.getAPITest" name="getAPIwithHeaders" time="0.61"/>
  <testcase classname="com.qa.test.getAPITest" name="responsedatawithheaders" time="0.003"/>
</testsuite> <!-- Default test -->
