<?xml version="1.0" encoding="UTF-8"?>
<testng-results ignored="0" total="4" passed="4" failed="0" skipped="0">
  <reporter-output>
  </reporter-output>
  <suite started-at="2021-04-09T16:15:56 IST" name="Default suite" finished-at="2021-04-09T16:15:58 IST" duration-ms="2069">
    <groups>
    </groups>
    <test started-at="2021-04-09T16:15:56 IST" name="Default test" finished-at="2021-04-09T16:15:58 IST" duration-ms="2069">
      <class name="com.qa.test.getAPITest">
        <test-method is-config="true" signature="setup()[pri:0, instance:com.qa.test.getAPITest@59d016c9]" started-at="2021-04-09T16:15:56 IST" name="setup" finished-at="2021-04-09T16:15:56 IST" duration-ms="5" status="PASS">
          <reporter-output>
          </reporter-output>
        </test-method> <!-- setup -->
        <test-method signature="gettestwithoutHeaders()[pri:1, instance:com.qa.test.getAPITest@59d016c9]" started-at="2021-04-09T16:15:56 IST" name="gettestwithoutHeaders" finished-at="2021-04-09T16:15:58 IST" duration-ms="1387" status="PASS">
          <reporter-output>
          </reporter-output>
        </test-method> <!-- gettestwithoutHeaders -->
        <test-method signature="responsedata()[pri:2, instance:com.qa.test.getAPITest@59d016c9]" started-at="2021-04-09T16:15:58 IST" name="responsedata" finished-at="2021-04-09T16:15:58 IST" duration-ms="12" status="PASS">
          <reporter-output>
          </reporter-output>
        </test-method> <!-- responsedata -->
        <test-method is-config="true" signature="setup()[pri:0, instance:com.qa.test.getAPITest@59d016c9]" started-at="2021-04-09T16:15:58 IST" name="setup" finished-at="2021-04-09T16:15:58 IST" duration-ms="0" status="PASS">
          <reporter-output>
          </reporter-output>
        </test-method> <!-- setup -->
        <test-method is-config="true" signature="setup()[pri:0, instance:com.qa.test.getAPITest@59d016c9]" started-at="2021-04-09T16:15:58 IST" name="setup" finished-at="2021-04-09T16:15:58 IST" duration-ms="1" status="PASS">
          <reporter-output>
          </reporter-output>
        </test-method> <!-- setup -->
        <test-method signature="getAPIwithHeaders()[pri:3, instance:com.qa.test.getAPITest@59d016c9]" started-at="2021-04-09T16:15:58 IST" name="getAPIwithHeaders" finished-at="2021-04-09T16:15:58 IST" duration-ms="610" status="PASS">
          <reporter-output>
          </reporter-output>
        </test-method> <!-- getAPIwithHeaders -->
        <test-method is-config="true" signature="setup()[pri:0, instance:com.qa.test.getAPITest@59d016c9]" started-at="2021-04-09T16:15:58 IST" name="setup" finished-at="2021-04-09T16:15:58 IST" duration-ms="1" status="PASS">
          <reporter-output>
          </reporter-output>
        </test-method> <!-- setup -->
        <test-method signature="responsedatawithheaders()[pri:4, instance:com.qa.test.getAPITest@59d016c9]" started-at="2021-04-09T16:15:58 IST" name="responsedatawithheaders" finished-at="2021-04-09T16:15:58 IST" duration-ms="3" status="PASS">
          <reporter-output>
          </reporter-output>
        </test-method> <!-- responsedatawithheaders -->
      </class> <!-- com.qa.test.getAPITest -->
    </test> <!-- Default test -->
  </suite> <!-- Default suite -->
</testng-results>
